::1 - - [18/May/2020:15:23:27 +0000] "GET /undefined HTTP/1.1" 404 148 "http://localhost:8000/" "Mozilla/5.0 (Windows NT 10.0; Win64; x64) AppleWebKit/537.36 (KHTML, like Gecko) Chrome/81.0.4044.138 Safari/537.36"
::1 - - [18/May/2020:15:23:27 +0000] "GET /undefined HTTP/1.1" 404 148 "http://localhost:8000/" "Mozilla/5.0 (Windows NT 10.0; Win64; x64) AppleWebKit/537.36 (KHTML, like Gecko) Chrome/81.0.4044.138 Safari/537.36"
::1 - - [18/May/2020:15:23:27 +0000] "GET /undefined HTTP/1.1" 404 148 "http://localhost:8000/" "Mozilla/5.0 (Windows NT 10.0; Win64; x64) AppleWebKit/537.36 (KHTML, like Gecko) Chrome/81.0.4044.138 Safari/537.36"
::1 - - [18/May/2020:15:23:27 +0000] "GET /undefined HTTP/1.1" 404 148 "http://localhost:8000/" "Mozilla/5.0 (Windows NT 10.0; Win64; x64) AppleWebKit/537.36 (KHTML, like Gecko) Chrome/81.0.4044.138 Safari/537.36"
::1 - - [18/May/2020:15:23:27 +0000] "GET / HTTP/1.1" 200 7044 "-" "Mozilla/5.0 (Windows NT 10.0; Win64; x64) AppleWebKit/537.36 (KHTML, like Gecko) Chrome/81.0.4044.138 Safari/537.36"
::1 - - [18/May/2020:15:23:28 +0000] "GET /undefined HTTP/1.1" 404 148 "http://localhost:8000/" "Mozilla/5.0 (Windows NT 10.0; Win64; x64) AppleWebKit/537.36 (KHTML, like Gecko) Chrome/81.0.4044.138 Safari/537.36"
::1 - - [18/May/2020:15:23:28 +0000] "GET /undefined HTTP/1.1" 404 148 "http://localhost:8000/" "Mozilla/5.0 (Windows NT 10.0; Win64; x64) AppleWebKit/537.36 (KHTML, like Gecko) Chrome/81.0.4044.138 Safari/537.36"
::1 - - [18/May/2020:15:23:28 +0000] "GET /undefined HTTP/1.1" 404 148 "http://localhost:8000/" "Mozilla/5.0 (Windows NT 10.0; Win64; x64) AppleWebKit/537.36 (KHTML, like Gecko) Chrome/81.0.4044.138 Safari/537.36"
::1 - - [18/May/2020:15:23:28 +0000] "GET /undefined HTTP/1.1" 404 148 "http://localhost:8000/" "Mozilla/5.0 (Windows NT 10.0; Win64; x64) AppleWebKit/537.36 (KHTML, like Gecko) Chrome/81.0.4044.138 Safari/537.36"
::1 - - [18/May/2020:15:23:28 +0000] "GET /undefined HTTP/1.1" 404 148 "http://localhost:8000/" "Mozilla/5.0 (Windows NT 10.0; Win64; x64) AppleWebKit/537.36 (KHTML, like Gecko) Chrome/81.0.4044.138 Safari/537.36"
::1 - - [18/May/2020:15:23:31 +0000] "GET /favicon.ico HTTP/1.1" 404 150 "http://localhost:8000/" "Mozilla/5.0 (Windows NT 10.0; Win64; x64) AppleWebKit/537.36 (KHTML, like Gecko) Chrome/81.0.4044.138 Safari/537.36"
::1 - - [18/May/2020:15:23:32 +0000] "GET /undefined HTTP/1.1" 404 148 "http://localhost:8000/" "Mozilla/5.0 (Windows NT 10.0; Win64; x64) AppleWebKit/537.36 (KHTML, like Gecko) Chrome/81.0.4044.138 Safari/537.36"
::1 - - [18/May/2020:16:06:31 +0000] "GET / HTTP/1.1" 200 7152 "-" "Mozilla/5.0 (Windows NT 10.0; Win64; x64) AppleWebKit/537.36 (KHTML, like Gecko) Chrome/81.0.4044.138 Safari/537.36"
::1 - - [18/May/2020:16:06:38 +0000] "GET / HTTP/1.1" 304 - "-" "Mozilla/5.0 (Windows NT 10.0; Win64; x64) AppleWebKit/537.36 (KHTML, like Gecko) Chrome/81.0.4044.138 Safari/537.36"
::1 - - [18/May/2020:16:06:56 +0000] "GET / HTTP/1.1" 304 - "-" "Mozilla/5.0 (Windows NT 10.0; Win64; x64) AppleWebKit/537.36 (KHTML, like Gecko) Chrome/81.0.4044.138 Safari/537.36"
::1 - - [18/May/2020:16:07:02 +0000] "GET / HTTP/1.1" 304 - "-" "Mozilla/5.0 (Windows NT 10.0; Win64; x64) AppleWebKit/537.36 (KHTML, like Gecko) Chrome/81.0.4044.138 Safari/537.36"
::1 - - [18/May/2020:16:07:24 +0000] "GET / HTTP/1.1" 200 7144 "-" "Mozilla/5.0 (Windows NT 10.0; Win64; x64) AppleWebKit/537.36 (KHTML, like Gecko) Chrome/81.0.4044.138 Safari/537.36"
::1 - - [18/May/2020:16:08:18 +0000] "GET / HTTP/1.1" 200 6965 "-" "Mozilla/5.0 (Windows NT 10.0; Win64; x64) AppleWebKit/537.36 (KHTML, like Gecko) Chrome/81.0.4044.138 Safari/537.36"
::1 - - [18/May/2020:16:08:21 +0000] "GET / HTTP/1.1" 304 - "-" "Mozilla/5.0 (Windows NT 10.0; Win64; x64) AppleWebKit/537.36 (KHTML, like Gecko) Chrome/81.0.4044.138 Safari/537.36"
::1 - - [18/May/2020:16:09:38 +0000] "GET / HTTP/1.1" 304 - "-" "Mozilla/5.0 (Windows NT 10.0; Win64; x64) AppleWebKit/537.36 (KHTML, like Gecko) Chrome/81.0.4044.138 Safari/537.36"
::1 - - [18/May/2020:16:47:32 +0000] "GET / HTTP/1.1" 200 7224 "-" "Mozilla/5.0 (Windows NT 10.0; Win64; x64) AppleWebKit/537.36 (KHTML, like Gecko) Chrome/81.0.4044.138 Safari/537.36"
::1 - - [18/May/2020:16:47:32 +0000] "GET /css/home-fe9bfaa0b1.css HTTP/1.1" 404 162 "http://localhost:8000/" "Mozilla/5.0 (Windows NT 10.0; Win64; x64) AppleWebKit/537.36 (KHTML, like Gecko) Chrome/81.0.4044.138 Safari/537.36"
::1 - - [18/May/2020:16:47:32 +0000] "GET /css/chat_box-5da63aef4f.css HTTP/1.1" 404 166 "http://localhost:8000/" "Mozilla/5.0 (Windows NT 10.0; Win64; x64) AppleWebKit/537.36 (KHTML, like Gecko) Chrome/81.0.4044.138 Safari/537.36"
::1 - - [18/May/2020:16:47:35 +0000] "GET /script/home/home_post-f5db229791.js HTTP/1.1" 404 174 "http://localhost:8000/" "Mozilla/5.0 (Windows NT 10.0; Win64; x64) AppleWebKit/537.36 (KHTML, like Gecko) Chrome/81.0.4044.138 Safari/537.36"
::1 - - [18/May/2020:16:47:35 +0000] "GET /script/home/home_comment-6caa292ff9.js HTTP/1.1" 404 177 "http://localhost:8000/" "Mozilla/5.0 (Windows NT 10.0; Win64; x64) AppleWebKit/537.36 (KHTML, like Gecko) Chrome/81.0.4044.138 Safari/537.36"
::1 - - [18/May/2020:16:47:35 +0000] "GET /script/home/home_like-714f43df0e.js HTTP/1.1" 404 174 "http://localhost:8000/" "Mozilla/5.0 (Windows NT 10.0; Win64; x64) AppleWebKit/537.36 (KHTML, like Gecko) Chrome/81.0.4044.138 Safari/537.36"
::1 - - [18/May/2020:16:47:35 +0000] "GET /css/home-fe9bfaa0b1.css HTTP/1.1" 404 162 "http://localhost:8000/" "Mozilla/5.0 (Windows NT 10.0; Win64; x64) AppleWebKit/537.36 (KHTML, like Gecko) Chrome/81.0.4044.138 Safari/537.36"
::1 - - [18/May/2020:16:47:35 +0000] "GET /script/home/home-6f4efa673b.js HTTP/1.1" 404 169 "http://localhost:8000/" "Mozilla/5.0 (Windows NT 10.0; Win64; x64) AppleWebKit/537.36 (KHTML, like Gecko) Chrome/81.0.4044.138 Safari/537.36"
::1 - - [18/May/2020:16:47:35 +0000] "GET /script/home/chat_box-d9139ba024.js HTTP/1.1" 404 173 "http://localhost:8000/" "Mozilla/5.0 (Windows NT 10.0; Win64; x64) AppleWebKit/537.36 (KHTML, like Gecko) Chrome/81.0.4044.138 Safari/537.36"
::1 - - [18/May/2020:16:47:35 +0000] "GET /css/chat_box-5da63aef4f.css HTTP/1.1" 404 166 "http://localhost:8000/" "Mozilla/5.0 (Windows NT 10.0; Win64; x64) AppleWebKit/537.36 (KHTML, like Gecko) Chrome/81.0.4044.138 Safari/537.36"
::1 - - [18/May/2020:16:47:35 +0000] "GET /script/home/chat_engine-55c05678b9.js HTTP/1.1" 404 176 "http://localhost:8000/" "Mozilla/5.0 (Windows NT 10.0; Win64; x64) AppleWebKit/537.36 (KHTML, like Gecko) Chrome/81.0.4044.138 Safari/537.36"
::1 - - [18/May/2020:16:47:35 +0000] "GET /script/home/home_post-f5db229791.js HTTP/1.1" 404 174 "http://localhost:8000/" "Mozilla/5.0 (Windows NT 10.0; Win64; x64) AppleWebKit/537.36 (KHTML, like Gecko) Chrome/81.0.4044.138 Safari/537.36"
::1 - - [18/May/2020:16:47:35 +0000] "GET /script/home/home_comment-6caa292ff9.js HTTP/1.1" 404 177 "http://localhost:8000/" "Mozilla/5.0 (Windows NT 10.0; Win64; x64) AppleWebKit/537.36 (KHTML, like Gecko) Chrome/81.0.4044.138 Safari/537.36"
::1 - - [18/May/2020:16:47:35 +0000] "GET /script/home/home_like-714f43df0e.js HTTP/1.1" 404 174 "http://localhost:8000/" "Mozilla/5.0 (Windows NT 10.0; Win64; x64) AppleWebKit/537.36 (KHTML, like Gecko) Chrome/81.0.4044.138 Safari/537.36"
::1 - - [18/May/2020:16:47:35 +0000] "GET /script/home/home-6f4efa673b.js HTTP/1.1" 404 169 "http://localhost:8000/" "Mozilla/5.0 (Windows NT 10.0; Win64; x64) AppleWebKit/537.36 (KHTML, like Gecko) Chrome/81.0.4044.138 Safari/537.36"
::1 - - [18/May/2020:16:47:35 +0000] "GET /script/home/chat_box-d9139ba024.js HTTP/1.1" 404 173 "http://localhost:8000/" "Mozilla/5.0 (Windows NT 10.0; Win64; x64) AppleWebKit/537.36 (KHTML, like Gecko) Chrome/81.0.4044.138 Safari/537.36"
::1 - - [18/May/2020:16:47:35 +0000] "GET /script/home/chat_engine-55c05678b9.js HTTP/1.1" 404 176 "http://localhost:8000/" "Mozilla/5.0 (Windows NT 10.0; Win64; x64) AppleWebKit/537.36 (KHTML, like Gecko) Chrome/81.0.4044.138 Safari/537.36"
::1 - - [18/May/2020:16:47:37 +0000] "GET /favicon.ico HTTP/1.1" 404 150 "http://localhost:8000/" "Mozilla/5.0 (Windows NT 10.0; Win64; x64) AppleWebKit/537.36 (KHTML, like Gecko) Chrome/81.0.4044.138 Safari/537.36"
::1 - - [18/May/2020:16:49:38 +0000] "GET /css/home-fe9bfaa0b1.css HTTP/1.1" 404 162 "http://localhost:8000/" "Mozilla/5.0 (Windows NT 10.0; Win64; x64) AppleWebKit/537.36 (KHTML, like Gecko) Chrome/81.0.4044.138 Safari/537.36"
::1 - - [18/May/2020:16:49:38 +0000] "GET /css/chat_box-5da63aef4f.css HTTP/1.1" 404 166 "http://localhost:8000/" "Mozilla/5.0 (Windows NT 10.0; Win64; x64) AppleWebKit/537.36 (KHTML, like Gecko) Chrome/81.0.4044.138 Safari/537.36"
::1 - - [18/May/2020:16:51:27 +0000] "GET / HTTP/1.1" 304 - "-" "Mozilla/5.0 (Windows NT 10.0; Win64; x64) AppleWebKit/537.36 (KHTML, like Gecko) Chrome/81.0.4044.138 Safari/537.36"
::1 - - [18/May/2020:16:56:03 +0000] "GET / HTTP/1.1" 304 - "-" "Mozilla/5.0 (Windows NT 10.0; Win64; x64) AppleWebKit/537.36 (KHTML, like Gecko) Chrome/81.0.4044.138 Safari/537.36"
::1 - - [18/May/2020:16:56:06 +0000] "GET /users/sign-in HTTP/1.1" 200 4013 "http://localhost:8000/" "Mozilla/5.0 (Windows NT 10.0; Win64; x64) AppleWebKit/537.36 (KHTML, like Gecko) Chrome/81.0.4044.138 Safari/537.36"
::1 - - [18/May/2020:16:56:10 +0000] "GET /users/auth/google HTTP/1.1" 302 0 "http://localhost:8000/users/sign-in" "Mozilla/5.0 (Windows NT 10.0; Win64; x64) AppleWebKit/537.36 (KHTML, like Gecko) Chrome/81.0.4044.138 Safari/537.36"
::1 - - [18/May/2020:16:56:17 +0000] "GET /users/auth/google/callback?code=4%2FzwGuNcHIaLCVNOP-LkZWGgqUI94Nf_Xti3eHFoeoZusEz4sl2z5hBUW9Wy2bwhWoTDxRyq58M9FpQE1v8GPIkfk&scope=email+profile+https%3A%2F%2Fwww.googleapis.com%2Fauth%2Fuserinfo.profile+https%3A%2F%2Fwww.googleapis.com%2Fauth%2Fuserinfo.email+openid&authuser=0&prompt=consent HTTP/1.1" 302 46 "-" "Mozilla/5.0 (Windows NT 10.0; Win64; x64) AppleWebKit/537.36 (KHTML, like Gecko) Chrome/81.0.4044.138 Safari/537.36"
::1 - - [18/May/2020:16:56:17 +0000] "GET / HTTP/1.1" 200 12244 "-" "Mozilla/5.0 (Windows NT 10.0; Win64; x64) AppleWebKit/537.36 (KHTML, like Gecko) Chrome/81.0.4044.138 Safari/537.36"
::1 - - [18/May/2020:17:00:51 +0000] "GET / HTTP/1.1" 200 11974 "-" "Mozilla/5.0 (Windows NT 10.0; Win64; x64) AppleWebKit/537.36 (KHTML, like Gecko) Chrome/81.0.4044.138 Safari/537.36"
::1 - - [18/May/2020:17:01:43 +0000] "GET /undefined HTTP/1.1" 404 148 "http://localhost:8000/" "Mozilla/5.0 (Windows NT 10.0; Win64; x64) AppleWebKit/537.36 (KHTML, like Gecko) Chrome/81.0.4044.138 Safari/537.36"
::1 - - [18/May/2020:17:11:11 +0000] "POST /post/create HTTP/1.1" 200 518 "http://localhost:8000/" "Mozilla/5.0 (Windows NT 10.0; Win64; x64) AppleWebKit/537.36 (KHTML, like Gecko) Chrome/81.0.4044.138 Safari/537.36"
::1 - - [18/May/2020:18:19:08 +0000] "GET / HTTP/1.1" 200 14557 "-" "Mozilla/5.0 (Windows NT 10.0; Win64; x64) AppleWebKit/537.36 (KHTML, like Gecko) Chrome/81.0.4044.138 Safari/537.36"
::1 - - [18/May/2020:18:19:11 +0000] "GET /users/profile/5ebacaa402e74b11a44d7ccb HTTP/1.1" 200 5929 "http://localhost:8000/" "Mozilla/5.0 (Windows NT 10.0; Win64; x64) AppleWebKit/537.36 (KHTML, like Gecko) Chrome/81.0.4044.138 Safari/537.36"
::1 - - [18/May/2020:18:19:11 +0000] "GET /users/profile/css/layout-13456a397f.css HTTP/1.1" 404 178 "http://localhost:8000/users/profile/5ebacaa402e74b11a44d7ccb" "Mozilla/5.0 (Windows NT 10.0; Win64; x64) AppleWebKit/537.36 (KHTML, like Gecko) Chrome/81.0.4044.138 Safari/537.36"
::1 - - [18/May/2020:18:19:11 +0000] "GET /users/profile/css/footer-8b84f18ba6.css HTTP/1.1" 404 178 "http://localhost:8000/users/profile/5ebacaa402e74b11a44d7ccb" "Mozilla/5.0 (Windows NT 10.0; Win64; x64) AppleWebKit/537.36 (KHTML, like Gecko) Chrome/81.0.4044.138 Safari/537.36"
::1 - - [18/May/2020:18:19:11 +0000] "GET /users/profile/css/header-b1807478a6.css HTTP/1.1" 404 178 "http://localhost:8000/users/profile/5ebacaa402e74b11a44d7ccb" "Mozilla/5.0 (Windows NT 10.0; Win64; x64) AppleWebKit/537.36 (KHTML, like Gecko) Chrome/81.0.4044.138 Safari/537.36"
::1 - - [18/May/2020:18:19:11 +0000] "GET /users/profile/css/user_profile-b5c3a5ca7d.css HTTP/1.1" 404 184 "http://localhost:8000/users/profile/5ebacaa402e74b11a44d7ccb" "Mozilla/5.0 (Windows NT 10.0; Win64; x64) AppleWebKit/537.36 (KHTML, like Gecko) Chrome/81.0.4044.138 Safari/537.36"
::1 - - [18/May/2020:18:19:12 +0000] "GET /users/profile/uploadsusersvatars/default.png HTTP/1.1" 404 183 "http://localhost:8000/users/profile/5ebacaa402e74b11a44d7ccb" "Mozilla/5.0 (Windows NT 10.0; Win64; x64) AppleWebKit/537.36 (KHTML, like Gecko) Chrome/81.0.4044.138 Safari/537.36"
::1 - - [18/May/2020:18:19:19 +0000] "GET /users/profile/css/layout-13456a397f.css HTTP/1.1" 404 178 "http://localhost:8000/users/profile/5ebacaa402e74b11a44d7ccb" "Mozilla/5.0 (Windows NT 10.0; Win64; x64) AppleWebKit/537.36 (KHTML, like Gecko) Chrome/81.0.4044.138 Safari/537.36"
::1 - - [18/May/2020:18:19:19 +0000] "GET /users/profile/css/header-b1807478a6.css HTTP/1.1" 404 178 "http://localhost:8000/users/profile/5ebacaa402e74b11a44d7ccb" "Mozilla/5.0 (Windows NT 10.0; Win64; x64) AppleWebKit/537.36 (KHTML, like Gecko) Chrome/81.0.4044.138 Safari/537.36"
::1 - - [18/May/2020:18:19:19 +0000] "GET /users/profile/css/footer-8b84f18ba6.css HTTP/1.1" 404 178 "http://localhost:8000/users/profile/5ebacaa402e74b11a44d7ccb" "Mozilla/5.0 (Windows NT 10.0; Win64; x64) AppleWebKit/537.36 (KHTML, like Gecko) Chrome/81.0.4044.138 Safari/537.36"
::1 - - [18/May/2020:18:19:19 +0000] "GET /users/profile/css/user_profile-b5c3a5ca7d.css HTTP/1.1" 404 184 "http://localhost:8000/users/profile/5ebacaa402e74b11a44d7ccb" "Mozilla/5.0 (Windows NT 10.0; Win64; x64) AppleWebKit/537.36 (KHTML, like Gecko) Chrome/81.0.4044.138 Safari/537.36"
::1 - - [18/May/2020:18:22:19 +0000] "GET / HTTP/1.1" 304 - "http://localhost:8000/users/profile/5ebacaa402e74b11a44d7ccb" "Mozilla/5.0 (Windows NT 10.0; Win64; x64) AppleWebKit/537.36 (KHTML, like Gecko) Chrome/81.0.4044.138 Safari/537.36"
::1 - - [18/May/2020:18:22:27 +0000] "GET /users/sign-out HTTP/1.1" 302 46 "http://localhost:8000/" "Mozilla/5.0 (Windows NT 10.0; Win64; x64) AppleWebKit/537.36 (KHTML, like Gecko) Chrome/81.0.4044.138 Safari/537.36"
::1 - - [18/May/2020:18:22:27 +0000] "GET / HTTP/1.1" 200 8865 "http://localhost:8000/" "Mozilla/5.0 (Windows NT 10.0; Win64; x64) AppleWebKit/537.36 (KHTML, like Gecko) Chrome/81.0.4044.138 Safari/537.36"
::1 - - [18/May/2020:18:22:30 +0000] "GET /users/sign-in HTTP/1.1" 200 4064 "http://localhost:8000/" "Mozilla/5.0 (Windows NT 10.0; Win64; x64) AppleWebKit/537.36 (KHTML, like Gecko) Chrome/81.0.4044.138 Safari/537.36"
::1 - - [18/May/2020:18:22:30 +0000] "GET /users/css/layout-13456a397f.css HTTP/1.1" 404 170 "http://localhost:8000/users/sign-in" "Mozilla/5.0 (Windows NT 10.0; Win64; x64) AppleWebKit/537.36 (KHTML, like Gecko) Chrome/81.0.4044.138 Safari/537.36"
::1 - - [18/May/2020:18:22:30 +0000] "GET /users/css/header-b1807478a6.css HTTP/1.1" 404 170 "http://localhost:8000/users/sign-in" "Mozilla/5.0 (Windows NT 10.0; Win64; x64) AppleWebKit/537.36 (KHTML, like Gecko) Chrome/81.0.4044.138 Safari/537.36"
::1 - - [18/May/2020:18:22:30 +0000] "GET /users/css/footer-8b84f18ba6.css HTTP/1.1" 404 170 "http://localhost:8000/users/sign-in" "Mozilla/5.0 (Windows NT 10.0; Win64; x64) AppleWebKit/537.36 (KHTML, like Gecko) Chrome/81.0.4044.138 Safari/537.36"
::1 - - [18/May/2020:18:22:30 +0000] "GET /users/css/user_signIn-ff6d9c2e03.css HTTP/1.1" 404 175 "http://localhost:8000/users/sign-in" "Mozilla/5.0 (Windows NT 10.0; Win64; x64) AppleWebKit/537.36 (KHTML, like Gecko) Chrome/81.0.4044.138 Safari/537.36"
::1 - - [18/May/2020:18:22:30 +0000] "GET /users/script/user_signIn-d41d8cd98f.js HTTP/1.1" 404 177 "http://localhost:8000/users/sign-in" "Mozilla/5.0 (Windows NT 10.0; Win64; x64) AppleWebKit/537.36 (KHTML, like Gecko) Chrome/81.0.4044.138 Safari/537.36"
::1 - - [18/May/2020:18:22:30 +0000] "GET /users/css/layout-13456a397f.css HTTP/1.1" 404 170 "http://localhost:8000/users/sign-in" "Mozilla/5.0 (Windows NT 10.0; Win64; x64) AppleWebKit/537.36 (KHTML, like Gecko) Chrome/81.0.4044.138 Safari/537.36"
::1 - - [18/May/2020:18:22:31 +0000] "GET /users/css/header-b1807478a6.css HTTP/1.1" 404 170 "http://localhost:8000/users/sign-in" "Mozilla/5.0 (Windows NT 10.0; Win64; x64) AppleWebKit/537.36 (KHTML, like Gecko) Chrome/81.0.4044.138 Safari/537.36"
::1 - - [18/May/2020:18:22:31 +0000] "GET /users/css/footer-8b84f18ba6.css HTTP/1.1" 404 170 "http://localhost:8000/users/sign-in" "Mozilla/5.0 (Windows NT 10.0; Win64; x64) AppleWebKit/537.36 (KHTML, like Gecko) Chrome/81.0.4044.138 Safari/537.36"
::1 - - [18/May/2020:18:22:31 +0000] "GET /users/css/user_signIn-ff6d9c2e03.css HTTP/1.1" 404 175 "http://localhost:8000/users/sign-in" "Mozilla/5.0 (Windows NT 10.0; Win64; x64) AppleWebKit/537.36 (KHTML, like Gecko) Chrome/81.0.4044.138 Safari/537.36"
::1 - - [18/May/2020:18:22:31 +0000] "GET /users/script/user_signIn-d41d8cd98f.js HTTP/1.1" 404 177 "http://localhost:8000/users/sign-in" "Mozilla/5.0 (Windows NT 10.0; Win64; x64) AppleWebKit/537.36 (KHTML, like Gecko) Chrome/81.0.4044.138 Safari/537.36"
::1 - - [18/May/2020:18:27:19 +0000] "GET /users/sign-in HTTP/1.1" 200 4079 "http://localhost:8000/" "Mozilla/5.0 (Windows NT 10.0; Win64; x64) AppleWebKit/537.36 (KHTML, like Gecko) Chrome/81.0.4044.138 Safari/537.36"
::1 - - [18/May/2020:18:27:20 +0000] "GET /users/css/layout-13456a397f.css HTTP/1.1" 404 170 "http://localhost:8000/users/sign-in" "Mozilla/5.0 (Windows NT 10.0; Win64; x64) AppleWebKit/537.36 (KHTML, like Gecko) Chrome/81.0.4044.138 Safari/537.36"
::1 - - [18/May/2020:18:27:20 +0000] "GET /users/css/header-b1807478a6.css HTTP/1.1" 404 170 "http://localhost:8000/users/sign-in" "Mozilla/5.0 (Windows NT 10.0; Win64; x64) AppleWebKit/537.36 (KHTML, like Gecko) Chrome/81.0.4044.138 Safari/537.36"
::1 - - [18/May/2020:18:27:20 +0000] "GET /users/css/footer-8b84f18ba6.css HTTP/1.1" 404 170 "http://localhost:8000/users/sign-in" "Mozilla/5.0 (Windows NT 10.0; Win64; x64) AppleWebKit/537.36 (KHTML, like Gecko) Chrome/81.0.4044.138 Safari/537.36"
::1 - - [18/May/2020:18:27:20 +0000] "GET /users/css/user_signIn-ff6d9c2e03.css HTTP/1.1" 404 175 "http://localhost:8000/users/sign-in" "Mozilla/5.0 (Windows NT 10.0; Win64; x64) AppleWebKit/537.36 (KHTML, like Gecko) Chrome/81.0.4044.138 Safari/537.36"
::1 - - [18/May/2020:18:27:20 +0000] "GET /users/script/user_signIn-d41d8cd98f.js HTTP/1.1" 404 177 "http://localhost:8000/users/sign-in" "Mozilla/5.0 (Windows NT 10.0; Win64; x64) AppleWebKit/537.36 (KHTML, like Gecko) Chrome/81.0.4044.138 Safari/537.36"
::1 - - [18/May/2020:18:27:20 +0000] "GET /users/css/layout-13456a397f.css HTTP/1.1" 404 170 "http://localhost:8000/users/sign-in" "Mozilla/5.0 (Windows NT 10.0; Win64; x64) AppleWebKit/537.36 (KHTML, like Gecko) Chrome/81.0.4044.138 Safari/537.36"
::1 - - [18/May/2020:18:27:20 +0000] "GET /users/css/header-b1807478a6.css HTTP/1.1" 404 170 "http://localhost:8000/users/sign-in" "Mozilla/5.0 (Windows NT 10.0; Win64; x64) AppleWebKit/537.36 (KHTML, like Gecko) Chrome/81.0.4044.138 Safari/537.36"
::1 - - [18/May/2020:18:27:20 +0000] "GET /users/css/footer-8b84f18ba6.css HTTP/1.1" 404 170 "http://localhost:8000/users/sign-in" "Mozilla/5.0 (Windows NT 10.0; Win64; x64) AppleWebKit/537.36 (KHTML, like Gecko) Chrome/81.0.4044.138 Safari/537.36"
::1 - - [18/May/2020:18:27:20 +0000] "GET /users/css/user_signIn-ff6d9c2e03.css HTTP/1.1" 404 175 "http://localhost:8000/users/sign-in" "Mozilla/5.0 (Windows NT 10.0; Win64; x64) AppleWebKit/537.36 (KHTML, like Gecko) Chrome/81.0.4044.138 Safari/537.36"
::1 - - [18/May/2020:18:27:20 +0000] "GET /users/script/user_signIn-d41d8cd98f.js HTTP/1.1" 404 177 "http://localhost:8000/users/sign-in" "Mozilla/5.0 (Windows NT 10.0; Win64; x64) AppleWebKit/537.36 (KHTML, like Gecko) Chrome/81.0.4044.138 Safari/537.36"
::1 - - [18/May/2020:18:27:44 +0000] "GET /users/profile/5ebacaa402e74b11a44d7ccb HTTP/1.1" 200 5086 "http://localhost:8000/" "Mozilla/5.0 (Windows NT 10.0; Win64; x64) AppleWebKit/537.36 (KHTML, like Gecko) Chrome/81.0.4044.138 Safari/537.36"
::1 - - [18/May/2020:18:27:45 +0000] "GET /users/profile/css/layout-13456a397f.css HTTP/1.1" 404 178 "http://localhost:8000/users/profile/5ebacaa402e74b11a44d7ccb" "Mozilla/5.0 (Windows NT 10.0; Win64; x64) AppleWebKit/537.36 (KHTML, like Gecko) Chrome/81.0.4044.138 Safari/537.36"
::1 - - [18/May/2020:18:27:45 +0000] "GET /users/profile/css/header-b1807478a6.css HTTP/1.1" 404 178 "http://localhost:8000/users/profile/5ebacaa402e74b11a44d7ccb" "Mozilla/5.0 (Windows NT 10.0; Win64; x64) AppleWebKit/537.36 (KHTML, like Gecko) Chrome/81.0.4044.138 Safari/537.36"
::1 - - [18/May/2020:18:27:45 +0000] "GET /users/profile/css/footer-8b84f18ba6.css HTTP/1.1" 404 178 "http://localhost:8000/users/profile/5ebacaa402e74b11a44d7ccb" "Mozilla/5.0 (Windows NT 10.0; Win64; x64) AppleWebKit/537.36 (KHTML, like Gecko) Chrome/81.0.4044.138 Safari/537.36"
::1 - - [18/May/2020:18:27:45 +0000] "GET /users/profile/css/user_profile-b5c3a5ca7d.css HTTP/1.1" 404 184 "http://localhost:8000/users/profile/5ebacaa402e74b11a44d7ccb" "Mozilla/5.0 (Windows NT 10.0; Win64; x64) AppleWebKit/537.36 (KHTML, like Gecko) Chrome/81.0.4044.138 Safari/537.36"
::1 - - [18/May/2020:18:27:45 +0000] "GET /users/profile/css/layout-13456a397f.css HTTP/1.1" 404 178 "http://localhost:8000/users/profile/5ebacaa402e74b11a44d7ccb" "Mozilla/5.0 (Windows NT 10.0; Win64; x64) AppleWebKit/537.36 (KHTML, like Gecko) Chrome/81.0.4044.138 Safari/537.36"
::1 - - [18/May/2020:18:27:45 +0000] "GET /users/profile/css/header-b1807478a6.css HTTP/1.1" 404 178 "http://localhost:8000/users/profile/5ebacaa402e74b11a44d7ccb" "Mozilla/5.0 (Windows NT 10.0; Win64; x64) AppleWebKit/537.36 (KHTML, like Gecko) Chrome/81.0.4044.138 Safari/537.36"
::1 - - [18/May/2020:18:27:45 +0000] "GET /users/profile/css/footer-8b84f18ba6.css HTTP/1.1" 404 178 "http://localhost:8000/users/profile/5ebacaa402e74b11a44d7ccb" "Mozilla/5.0 (Windows NT 10.0; Win64; x64) AppleWebKit/537.36 (KHTML, like Gecko) Chrome/81.0.4044.138 Safari/537.36"
::1 - - [18/May/2020:18:27:45 +0000] "GET /users/profile/css/user_profile-b5c3a5ca7d.css HTTP/1.1" 404 184 "http://localhost:8000/users/profile/5ebacaa402e74b11a44d7ccb" "Mozilla/5.0 (Windows NT 10.0; Win64; x64) AppleWebKit/537.36 (KHTML, like Gecko) Chrome/81.0.4044.138 Safari/537.36"
::1 - - [18/May/2020:18:27:45 +0000] "GET /users/profile/uploadsusersvatars/default.png HTTP/1.1" 404 183 "http://localhost:8000/users/profile/5ebacaa402e74b11a44d7ccb" "Mozilla/5.0 (Windows NT 10.0; Win64; x64) AppleWebKit/537.36 (KHTML, like Gecko) Chrome/81.0.4044.138 Safari/537.36"
::1 - - [18/May/2020:18:27:48 +0000] "GET /users/profile/5ebacaa402e74b11a44d7ccb HTTP/1.1" 304 - "http://localhost:8000/" "Mozilla/5.0 (Windows NT 10.0; Win64; x64) AppleWebKit/537.36 (KHTML, like Gecko) Chrome/81.0.4044.138 Safari/537.36"
::1 - - [18/May/2020:18:27:48 +0000] "GET /users/profile/css/header-b1807478a6.css HTTP/1.1" 404 178 "http://localhost:8000/users/profile/5ebacaa402e74b11a44d7ccb" "Mozilla/5.0 (Windows NT 10.0; Win64; x64) AppleWebKit/537.36 (KHTML, like Gecko) Chrome/81.0.4044.138 Safari/537.36"
::1 - - [18/May/2020:18:27:48 +0000] "GET /users/profile/css/layout-13456a397f.css HTTP/1.1" 404 178 "http://localhost:8000/users/profile/5ebacaa402e74b11a44d7ccb" "Mozilla/5.0 (Windows NT 10.0; Win64; x64) AppleWebKit/537.36 (KHTML, like Gecko) Chrome/81.0.4044.138 Safari/537.36"
::1 - - [18/May/2020:18:27:48 +0000] "GET /users/profile/css/footer-8b84f18ba6.css HTTP/1.1" 404 178 "http://localhost:8000/users/profile/5ebacaa402e74b11a44d7ccb" "Mozilla/5.0 (Windows NT 10.0; Win64; x64) AppleWebKit/537.36 (KHTML, like Gecko) Chrome/81.0.4044.138 Safari/537.36"
::1 - - [18/May/2020:18:27:48 +0000] "GET /users/profile/css/user_profile-b5c3a5ca7d.css HTTP/1.1" 404 184 "http://localhost:8000/users/profile/5ebacaa402e74b11a44d7ccb" "Mozilla/5.0 (Windows NT 10.0; Win64; x64) AppleWebKit/537.36 (KHTML, like Gecko) Chrome/81.0.4044.138 Safari/537.36"
::1 - - [18/May/2020:18:27:48 +0000] "GET /users/profile/css/layout-13456a397f.css HTTP/1.1" 404 178 "http://localhost:8000/users/profile/5ebacaa402e74b11a44d7ccb" "Mozilla/5.0 (Windows NT 10.0; Win64; x64) AppleWebKit/537.36 (KHTML, like Gecko) Chrome/81.0.4044.138 Safari/537.36"
::1 - - [18/May/2020:18:27:48 +0000] "GET /users/profile/css/header-b1807478a6.css HTTP/1.1" 404 178 "http://localhost:8000/users/profile/5ebacaa402e74b11a44d7ccb" "Mozilla/5.0 (Windows NT 10.0; Win64; x64) AppleWebKit/537.36 (KHTML, like Gecko) Chrome/81.0.4044.138 Safari/537.36"
::1 - - [18/May/2020:18:27:48 +0000] "GET /users/profile/css/footer-8b84f18ba6.css HTTP/1.1" 404 178 "http://localhost:8000/users/profile/5ebacaa402e74b11a44d7ccb" "Mozilla/5.0 (Windows NT 10.0; Win64; x64) AppleWebKit/537.36 (KHTML, like Gecko) Chrome/81.0.4044.138 Safari/537.36"
::1 - - [18/May/2020:18:27:48 +0000] "GET /users/profile/css/user_profile-b5c3a5ca7d.css HTTP/1.1" 404 184 "http://localhost:8000/users/profile/5ebacaa402e74b11a44d7ccb" "Mozilla/5.0 (Windows NT 10.0; Win64; x64) AppleWebKit/537.36 (KHTML, like Gecko) Chrome/81.0.4044.138 Safari/537.36"
::1 - - [18/May/2020:18:27:48 +0000] "GET /users/profile/uploadsusersvatars/default.png HTTP/1.1" 404 183 "http://localhost:8000/users/profile/5ebacaa402e74b11a44d7ccb" "Mozilla/5.0 (Windows NT 10.0; Win64; x64) AppleWebKit/537.36 (KHTML, like Gecko) Chrome/81.0.4044.138 Safari/537.36"
::1 - - [18/May/2020:18:27:54 +0000] "GET / HTTP/1.1" 200 8613 "http://localhost:8000/users/profile/5ebacaa402e74b11a44d7ccb" "Mozilla/5.0 (Windows NT 10.0; Win64; x64) AppleWebKit/537.36 (KHTML, like Gecko) Chrome/81.0.4044.138 Safari/537.36"
::1 - - [18/May/2020:18:28:07 +0000] "GET /users/sign-in HTTP/1.1" 304 - "http://localhost:8000/" "Mozilla/5.0 (Windows NT 10.0; Win64; x64) AppleWebKit/537.36 (KHTML, like Gecko) Chrome/81.0.4044.138 Safari/537.36"
::1 - - [18/May/2020:18:28:07 +0000] "GET /users/css/layout-13456a397f.css HTTP/1.1" 404 170 "http://localhost:8000/users/sign-in" "Mozilla/5.0 (Windows NT 10.0; Win64; x64) AppleWebKit/537.36 (KHTML, like Gecko) Chrome/81.0.4044.138 Safari/537.36"
::1 - - [18/May/2020:18:28:07 +0000] "GET /users/css/header-b1807478a6.css HTTP/1.1" 404 170 "http://localhost:8000/users/sign-in" "Mozilla/5.0 (Windows NT 10.0; Win64; x64) AppleWebKit/537.36 (KHTML, like Gecko) Chrome/81.0.4044.138 Safari/537.36"
::1 - - [18/May/2020:18:28:07 +0000] "GET /users/script/user_signIn-d41d8cd98f.js HTTP/1.1" 404 177 "http://localhost:8000/users/sign-in" "Mozilla/5.0 (Windows NT 10.0; Win64; x64) AppleWebKit/537.36 (KHTML, like Gecko) Chrome/81.0.4044.138 Safari/537.36"
::1 - - [18/May/2020:18:28:07 +0000] "GET /users/css/footer-8b84f18ba6.css HTTP/1.1" 404 170 "http://localhost:8000/users/sign-in" "Mozilla/5.0 (Windows NT 10.0; Win64; x64) AppleWebKit/537.36 (KHTML, like Gecko) Chrome/81.0.4044.138 Safari/537.36"
::1 - - [18/May/2020:18:28:07 +0000] "GET /users/css/user_signIn-ff6d9c2e03.css HTTP/1.1" 404 175 "http://localhost:8000/users/sign-in" "Mozilla/5.0 (Windows NT 10.0; Win64; x64) AppleWebKit/537.36 (KHTML, like Gecko) Chrome/81.0.4044.138 Safari/537.36"
::1 - - [18/May/2020:18:28:07 +0000] "GET /users/css/header-b1807478a6.css HTTP/1.1" 404 170 "http://localhost:8000/users/sign-in" "Mozilla/5.0 (Windows NT 10.0; Win64; x64) AppleWebKit/537.36 (KHTML, like Gecko) Chrome/81.0.4044.138 Safari/537.36"
::1 - - [18/May/2020:18:28:07 +0000] "GET /users/css/footer-8b84f18ba6.css HTTP/1.1" 404 170 "http://localhost:8000/users/sign-in" "Mozilla/5.0 (Windows NT 10.0; Win64; x64) AppleWebKit/537.36 (KHTML, like Gecko) Chrome/81.0.4044.138 Safari/537.36"
::1 - - [18/May/2020:18:28:07 +0000] "GET /users/css/user_signIn-ff6d9c2e03.css HTTP/1.1" 404 175 "http://localhost:8000/users/sign-in" "Mozilla/5.0 (Windows NT 10.0; Win64; x64) AppleWebKit/537.36 (KHTML, like Gecko) Chrome/81.0.4044.138 Safari/537.36"
::1 - - [18/May/2020:18:28:07 +0000] "GET /users/script/user_signIn-d41d8cd98f.js HTTP/1.1" 404 177 "http://localhost:8000/users/sign-in" "Mozilla/5.0 (Windows NT 10.0; Win64; x64) AppleWebKit/537.36 (KHTML, like Gecko) Chrome/81.0.4044.138 Safari/537.36"
::1 - - [18/May/2020:18:28:17 +0000] "GET / HTTP/1.1" 304 - "http://localhost:8000/users/sign-in" "Mozilla/5.0 (Windows NT 10.0; Win64; x64) AppleWebKit/537.36 (KHTML, like Gecko) Chrome/81.0.4044.138 Safari/537.36"
::1 - - [18/May/2020:18:28:46 +0000] "GET /users/sign-in HTTP/1.1" 304 - "http://localhost:8000/" "Mozilla/5.0 (Windows NT 10.0; Win64; x64) AppleWebKit/537.36 (KHTML, like Gecko) Chrome/81.0.4044.138 Safari/537.36"
::1 - - [18/May/2020:18:28:46 +0000] "GET /users/script/user_signIn-d41d8cd98f.js HTTP/1.1" 404 177 "http://localhost:8000/users/sign-in" "Mozilla/5.0 (Windows NT 10.0; Win64; x64) AppleWebKit/537.36 (KHTML, like Gecko) Chrome/81.0.4044.138 Safari/537.36"
::1 - - [18/May/2020:18:28:46 +0000] "GET /users/css/layout-13456a397f.css HTTP/1.1" 404 170 "http://localhost:8000/users/sign-in" "Mozilla/5.0 (Windows NT 10.0; Win64; x64) AppleWebKit/537.36 (KHTML, like Gecko) Chrome/81.0.4044.138 Safari/537.36"
::1 - - [18/May/2020:18:28:46 +0000] "GET /users/css/header-b1807478a6.css HTTP/1.1" 404 170 "http://localhost:8000/users/sign-in" "Mozilla/5.0 (Windows NT 10.0; Win64; x64) AppleWebKit/537.36 (KHTML, like Gecko) Chrome/81.0.4044.138 Safari/537.36"
::1 - - [18/May/2020:18:28:46 +0000] "GET /users/css/footer-8b84f18ba6.css HTTP/1.1" 404 170 "http://localhost:8000/users/sign-in" "Mozilla/5.0 (Windows NT 10.0; Win64; x64) AppleWebKit/537.36 (KHTML, like Gecko) Chrome/81.0.4044.138 Safari/537.36"
::1 - - [18/May/2020:18:28:46 +0000] "GET /users/css/user_signIn-ff6d9c2e03.css HTTP/1.1" 404 175 "http://localhost:8000/users/sign-in" "Mozilla/5.0 (Windows NT 10.0; Win64; x64) AppleWebKit/537.36 (KHTML, like Gecko) Chrome/81.0.4044.138 Safari/537.36"
::1 - - [18/May/2020:18:28:47 +0000] "GET /users/css/layout-13456a397f.css HTTP/1.1" 404 170 "http://localhost:8000/users/sign-in" "Mozilla/5.0 (Windows NT 10.0; Win64; x64) AppleWebKit/537.36 (KHTML, like Gecko) Chrome/81.0.4044.138 Safari/537.36"
::1 - - [18/May/2020:18:28:47 +0000] "GET /users/css/header-b1807478a6.css HTTP/1.1" 404 170 "http://localhost:8000/users/sign-in" "Mozilla/5.0 (Windows NT 10.0; Win64; x64) AppleWebKit/537.36 (KHTML, like Gecko) Chrome/81.0.4044.138 Safari/537.36"
::1 - - [18/May/2020:18:28:47 +0000] "GET /users/css/footer-8b84f18ba6.css HTTP/1.1" 404 170 "http://localhost:8000/users/sign-in" "Mozilla/5.0 (Windows NT 10.0; Win64; x64) AppleWebKit/537.36 (KHTML, like Gecko) Chrome/81.0.4044.138 Safari/537.36"
::1 - - [18/May/2020:18:28:47 +0000] "GET /users/css/user_signIn-ff6d9c2e03.css HTTP/1.1" 404 175 "http://localhost:8000/users/sign-in" "Mozilla/5.0 (Windows NT 10.0; Win64; x64) AppleWebKit/537.36 (KHTML, like Gecko) Chrome/81.0.4044.138 Safari/537.36"
::1 - - [18/May/2020:18:28:47 +0000] "GET /users/script/user_signIn-d41d8cd98f.js HTTP/1.1" 404 177 "http://localhost:8000/users/sign-in" "Mozilla/5.0 (Windows NT 10.0; Win64; x64) AppleWebKit/537.36 (KHTML, like Gecko) Chrome/81.0.4044.138 Safari/537.36"
::1 - - [18/May/2020:18:29:46 +0000] "GET /users/sign-in HTTP/1.1" 304 - "http://localhost:8000/" "Mozilla/5.0 (Windows NT 10.0; Win64; x64) AppleWebKit/537.36 (KHTML, like Gecko) Chrome/81.0.4044.138 Safari/537.36"
::1 - - [18/May/2020:18:29:46 +0000] "GET /users/css/layout-13456a397f.css HTTP/1.1" 404 170 "http://localhost:8000/users/sign-in" "Mozilla/5.0 (Windows NT 10.0; Win64; x64) AppleWebKit/537.36 (KHTML, like Gecko) Chrome/81.0.4044.138 Safari/537.36"
::1 - - [18/May/2020:18:29:46 +0000] "GET /users/css/header-b1807478a6.css HTTP/1.1" 404 170 "http://localhost:8000/users/sign-in" "Mozilla/5.0 (Windows NT 10.0; Win64; x64) AppleWebKit/537.36 (KHTML, like Gecko) Chrome/81.0.4044.138 Safari/537.36"
::1 - - [18/May/2020:18:29:46 +0000] "GET /users/css/footer-8b84f18ba6.css HTTP/1.1" 404 170 "http://localhost:8000/users/sign-in" "Mozilla/5.0 (Windows NT 10.0; Win64; x64) AppleWebKit/537.36 (KHTML, like Gecko) Chrome/81.0.4044.138 Safari/537.36"
::1 - - [18/May/2020:18:29:46 +0000] "GET /users/css/user_signIn-ff6d9c2e03.css HTTP/1.1" 404 175 "http://localhost:8000/users/sign-in" "Mozilla/5.0 (Windows NT 10.0; Win64; x64) AppleWebKit/537.36 (KHTML, like Gecko) Chrome/81.0.4044.138 Safari/537.36"
::1 - - [18/May/2020:18:29:46 +0000] "GET /users/script/user_signIn-d41d8cd98f.js HTTP/1.1" 404 177 "http://localhost:8000/users/sign-in" "Mozilla/5.0 (Windows NT 10.0; Win64; x64) AppleWebKit/537.36 (KHTML, like Gecko) Chrome/81.0.4044.138 Safari/537.36"
::1 - - [18/May/2020:18:29:47 +0000] "GET /users/css/layout-13456a397f.css HTTP/1.1" 404 170 "http://localhost:8000/users/sign-in" "Mozilla/5.0 (Windows NT 10.0; Win64; x64) AppleWebKit/537.36 (KHTML, like Gecko) Chrome/81.0.4044.138 Safari/537.36"
::1 - - [18/May/2020:18:29:47 +0000] "GET /users/css/header-b1807478a6.css HTTP/1.1" 404 170 "http://localhost:8000/users/sign-in" "Mozilla/5.0 (Windows NT 10.0; Win64; x64) AppleWebKit/537.36 (KHTML, like Gecko) Chrome/81.0.4044.138 Safari/537.36"
::1 - - [18/May/2020:18:29:47 +0000] "GET /users/css/footer-8b84f18ba6.css HTTP/1.1" 404 170 "http://localhost:8000/users/sign-in" "Mozilla/5.0 (Windows NT 10.0; Win64; x64) AppleWebKit/537.36 (KHTML, like Gecko) Chrome/81.0.4044.138 Safari/537.36"
::1 - - [18/May/2020:18:29:47 +0000] "GET /users/css/user_signIn-ff6d9c2e03.css HTTP/1.1" 404 175 "http://localhost:8000/users/sign-in" "Mozilla/5.0 (Windows NT 10.0; Win64; x64) AppleWebKit/537.36 (KHTML, like Gecko) Chrome/81.0.4044.138 Safari/537.36"
::1 - - [18/May/2020:18:29:47 +0000] "GET /users/script/user_signIn-d41d8cd98f.js HTTP/1.1" 404 177 "http://localhost:8000/users/sign-in" "Mozilla/5.0 (Windows NT 10.0; Win64; x64) AppleWebKit/537.36 (KHTML, like Gecko) Chrome/81.0.4044.138 Safari/537.36"
::1 - - [18/May/2020:18:29:49 +0000] "GET /users/css/layout-13456a397f.css HTTP/1.1" 404 170 "http://localhost:8000/users/sign-in" "Mozilla/5.0 (Windows NT 10.0; Win64; x64) AppleWebKit/537.36 (KHTML, like Gecko) Chrome/81.0.4044.138 Safari/537.36"
::1 - - [18/May/2020:18:29:49 +0000] "GET /users/css/header-b1807478a6.css HTTP/1.1" 404 170 "http://localhost:8000/users/sign-in" "Mozilla/5.0 (Windows NT 10.0; Win64; x64) AppleWebKit/537.36 (KHTML, like Gecko) Chrome/81.0.4044.138 Safari/537.36"
::1 - - [18/May/2020:18:29:49 +0000] "GET /users/css/footer-8b84f18ba6.css HTTP/1.1" 404 170 "http://localhost:8000/users/sign-in" "Mozilla/5.0 (Windows NT 10.0; Win64; x64) AppleWebKit/537.36 (KHTML, like Gecko) Chrome/81.0.4044.138 Safari/537.36"
::1 - - [18/May/2020:18:29:49 +0000] "GET /users/css/user_signIn-ff6d9c2e03.css HTTP/1.1" 404 175 "http://localhost:8000/users/sign-in" "Mozilla/5.0 (Windows NT 10.0; Win64; x64) AppleWebKit/537.36 (KHTML, like Gecko) Chrome/81.0.4044.138 Safari/537.36"
